Build started 07-Jul-15 11:31:37 AM.
     1>Project "C:\Users\sleazy tek\Documents\Visual Studio 2010\Projects\SIFT-GPU-Thesis\SIFT-GPU-Thesis\SIFT-GPU-Thesis.vcxproj" on node 2 (build target(s)).
     1>InitializeBuildStatus:
         Creating "Debug\SIFT-GPU-Thesis.unsuccessfulbuild" because "AlwaysCreate" was specified.
       AddCudaCompileDeps:
       Skipping target "AddCudaCompileDeps" because all output files are up-to-date with respect to the input files.
       AddCudaCompileDeps:
       Skipping target "AddCudaCompileDeps" because all output files are up-to-date with respect to the input files.
       AddCudaCompileDeps:
       Skipping target "AddCudaCompileDeps" because all output files are up-to-date with respect to the input files.
       AddCudaCompileDeps:
       Skipping target "AddCudaCompileDeps" because all output files are up-to-date with respect to the input files.
       AddCudaCompileDeps:
       Skipping target "AddCudaCompileDeps" because all output files are up-to-date with respect to the input files.
       AddCudaCompileDeps:
       Skipping target "AddCudaCompileDeps" because all output files are up-to-date with respect to the input files.
       AddCudaCompilePropsDeps:
       Skipping target "AddCudaCompilePropsDeps" because all output files are up-to-date with respect to the input files.
       AddCudaCompilePropsDeps:
       Skipping target "AddCudaCompilePropsDeps" because all output files are up-to-date with respect to the input files.
       AddCudaCompilePropsDeps:
       Skipping target "AddCudaCompilePropsDeps" because all output files are up-to-date with respect to the input files.
       AddCudaCompilePropsDeps:
       Skipping target "AddCudaCompilePropsDeps" because all output files are up-to-date with respect to the input files.
       AddCudaCompilePropsDeps:
       Skipping target "AddCudaCompilePropsDeps" because all output files are up-to-date with respect to the input files.
       AddCudaCompilePropsDeps:
       Skipping target "AddCudaCompilePropsDeps" because all output files are up-to-date with respect to the input files.
       CudaBuild:
       Skipping target "CudaBuild" because all output files are up-to-date with respect to the input files.
       CudaBuild:
       Skipping target "CudaBuild" because all output files are up-to-date with respect to the input files.
       CudaBuild:
       Skipping target "CudaBuild" because all output files are up-to-date with respect to the input files.
       CudaBuild:
       Skipping target "CudaBuild" because all output files are up-to-date with respect to the input files.
       CudaBuild:
       Skipping target "CudaBuild" because all output files are up-to-date with respect to the input files.
       CudaBuild:
       Skipping target "CudaBuild" because all output files are up-to-date with respect to the input files.
       ClCompile:
         C:\Program Files (x86)\Microsoft Visual Studio 10.0\VC\bin\CL.exe /c /I"C:\Program Files\NVIDIA GPU Computing Toolkit\CUDA\v6.5\include" /ZI /nologo /W3 /WX- /Od /Oy- /D WIN32 /D _DEBUG /D _CONSOLE /Gm /EHsc /RTC1 /MDd /GS /fp:precise /Zc:wchar_t /Zc:forScope /Fo"Debug\\" /Fd"Debug\vc100.pdb" /Gd /TC /analyze- /errorReport:prompt main.c
         main.c
     1>c:\users\sleazy tek\documents\visual studio 2010\projects\sift-gpu-thesis\sift-gpu-thesis\main.c(168): warning C4996: 'scanf': This function or variable may be unsafe. Consider using scanf_s instead. To disable deprecation, use _CRT_SECURE_NO_WARNINGS. See online help for details.
                 c:\program files (x86)\microsoft visual studio 10.0\vc\include\stdio.h(304) : see declaration of 'scanf'
     1>c:\users\sleazy tek\documents\visual studio 2010\projects\sift-gpu-thesis\sift-gpu-thesis\main.c(292): warning C4996: 'sprintf': This function or variable may be unsafe. Consider using sprintf_s instead. To disable deprecation, use _CRT_SECURE_NO_WARNINGS. See online help for details.
                 c:\program files (x86)\microsoft visual studio 10.0\vc\include\stdio.h(371) : see declaration of 'sprintf'
     1>c:\users\sleazy tek\documents\visual studio 2010\projects\sift-gpu-thesis\sift-gpu-thesis\main.c(333): warning C4996: 'sprintf': This function or variable may be unsafe. Consider using sprintf_s instead. To disable deprecation, use _CRT_SECURE_NO_WARNINGS. See online help for details.
                 c:\program files (x86)\microsoft visual studio 10.0\vc\include\stdio.h(371) : see declaration of 'sprintf'
     1>c:\users\sleazy tek\documents\visual studio 2010\projects\sift-gpu-thesis\sift-gpu-thesis\main.c(350): warning C4996: 'sprintf': This function or variable may be unsafe. Consider using sprintf_s instead. To disable deprecation, use _CRT_SECURE_NO_WARNINGS. See online help for details.
                 c:\program files (x86)\microsoft visual studio 10.0\vc\include\stdio.h(371) : see declaration of 'sprintf'
     1>c:\users\sleazy tek\documents\visual studio 2010\projects\sift-gpu-thesis\sift-gpu-thesis\main.c(383): warning C4996: 'getch': The POSIX name for this item is deprecated. Instead, use the ISO C++ conformant name: _getch. See online help for details.
                 c:\program files (x86)\microsoft visual studio 10.0\vc\include\conio.h(128) : see declaration of 'getch'
       ManifestResourceCompile:
         All outputs are up-to-date.
       Link:
         C:\Program Files (x86)\Microsoft Visual Studio 10.0\VC\bin\link.exe /ERRORREPORT:PROMPT /OUT:"C:\Users\sleazy tek\Documents\Visual Studio 2010\Projects\SIFT-GPU-Thesis\Debug\SIFT-GPU-Thesis.exe" /INCREMENTAL /NOLOGO /LIBPATH:C:\opencv\build\x86\vc10\lib /LIBPATH:"C:\Program Files\NVIDIA GPU Computing Toolkit\CUDA\v6.5\lib\Win32" cudart.lib opencv_calib3d249d.lib opencv_contrib249d.lib opencv_core249d.lib opencv_features2d249d.lib opencv_flann249d.lib opencv_haartraining_engined.lib opencv_highgui249d.lib opencv_imgproc249d.lib opencv_legacy249d.lib opencv_ml249d.lib opencv_nonfree249d.lib opencv_objdetect249d.lib opencv_ocl249d.lib opencv_photo249d.lib opencv_stitching249d.lib opencv_superres249d.lib opencv_ts249d.lib opencv_video249d.lib opencv_videostab249d.lib kernel32.lib user32.lib gdi32.lib winspool.lib comdlg32.lib advapi32.lib shell32.lib ole32.lib oleaut32.lib uuid.lib odbc32.lib odbccp32.lib /MANIFEST /ManifestFile:"Debug\SIFT-GPU-Thesis.exe.intermediate.manifest" /MANIFESTUAC:"level='asInvoker' uiAccess='false'" /DEBUG /PDB:"C:\Users\sleazy tek\Documents\Visual Studio 2010\Projects\SIFT-GPU-Thesis\Debug\SIFT-GPU-Thesis.pdb" /SUBSYSTEM:CONSOLE /TLBID:1 /DYNAMICBASE /NXCOMPAT /IMPLIB:"C:\Users\sleazy tek\Documents\Visual Studio 2010\Projects\SIFT-GPU-Thesis\Debug\SIFT-GPU-Thesis.lib" /MACHINE:X86 Debug\GPUextreme.cu.obj
         Debug\GPUbuildOB.cu.obj
         Debug\GPUbuildSS.cu.obj
         Debug\GPUDoG.cu.obj
         Debug\GPUDummy.cu.obj
         Debug\GPUgrayscale.cu.obj
         "Debug\SIFT-GPU-Thesis.exe.embed.manifest.res"
         Debug\buildOB.obj
         Debug\buildSS.obj
         Debug\DoG.obj
         Debug\extreme.obj
         Debug\GPUsift.obj
         Debug\grayscale.obj
         Debug\img_io.obj
         Debug\ioocv.obj
         Debug\keypoint.obj
         Debug\log2.obj
         Debug\main.obj
         Debug\mytimer.obj
         Debug\ori.obj
         Debug\render.obj
         Debug\sift.obj
         Debug\timer.obj
         Debug\winfiles.obj
       Manifest:
         C:\Program Files (x86)\Microsoft SDKs\Windows\v7.0A\bin\mt.exe /nologo /verbose /out:"Debug\SIFT-GPU-Thesis.exe.embed.manifest" /manifest "Debug\SIFT-GPU-Thesis.exe.intermediate.manifest"
         All outputs are up-to-date.
       LinkEmbedManifest:
         All outputs are up-to-date.
         SIFT-GPU-Thesis.vcxproj -> C:\Users\sleazy tek\Documents\Visual Studio 2010\Projects\SIFT-GPU-Thesis\Debug\SIFT-GPU-Thesis.exe
       FinalizeBuildStatus:
         Deleting file "Debug\SIFT-GPU-Thesis.unsuccessfulbuild".
         Touching "Debug\SIFT-GPU-Thesis.lastbuildstate".
     1>Done Building Project "C:\Users\sleazy tek\Documents\Visual Studio 2010\Projects\SIFT-GPU-Thesis\SIFT-GPU-Thesis\SIFT-GPU-Thesis.vcxproj" (build target(s)).

Build succeeded.

Time Elapsed 00:00:01.36
