C:\USERS\SLEAZY TEK\DOCUMENTS\VISUAL STUDIO 2010\PROJECTS\SIFT-GPU-THESIS\DEBUG\SIFT-GPU-THESIS.EXE
C:\USERS\SLEAZY TEK\DOCUMENTS\VISUAL STUDIO 2010\PROJECTS\SIFT-GPU-THESIS\DEBUG\SIFT-GPU-THESIS.ILK
C:\USERS\SLEAZY TEK\DOCUMENTS\VISUAL STUDIO 2010\PROJECTS\SIFT-GPU-THESIS\DEBUG\SIFT-GPU-THESIS.PDB
C:\USERS\SLEAZY TEK\DOCUMENTS\VISUAL STUDIO 2010\PROJECTS\SIFT-GPU-THESIS\SIFT-GPU-THESIS\DEBUG\BUILDOB.OBJ
C:\USERS\SLEAZY TEK\DOCUMENTS\VISUAL STUDIO 2010\PROJECTS\SIFT-GPU-THESIS\SIFT-GPU-THESIS\DEBUG\BUILDSS.OBJ
C:\Users\sleazy tek\Documents\Visual Studio 2010\Projects\SIFT-GPU-Thesis\SIFT-GPU-Thesis\Debug\cl.command.1.tlog
C:\Users\sleazy tek\Documents\Visual Studio 2010\Projects\SIFT-GPU-Thesis\SIFT-GPU-Thesis\Debug\CL.read.1.tlog
C:\Users\sleazy tek\Documents\Visual Studio 2010\Projects\SIFT-GPU-Thesis\SIFT-GPU-Thesis\Debug\CL.write.1.tlog
C:\USERS\SLEAZY TEK\DOCUMENTS\VISUAL STUDIO 2010\PROJECTS\SIFT-GPU-THESIS\SIFT-GPU-THESIS\DEBUG\DOG.OBJ
C:\Users\sleazy tek\Documents\Visual Studio 2010\Projects\SIFT-GPU-Thesis\SIFT-GPU-Thesis\Debug\extreme.cu.cache
C:\Users\sleazy tek\Documents\Visual Studio 2010\Projects\SIFT-GPU-Thesis\SIFT-GPU-Thesis\Debug\extreme.cu.obj
C:\USERS\SLEAZY TEK\DOCUMENTS\VISUAL STUDIO 2010\PROJECTS\SIFT-GPU-THESIS\SIFT-GPU-THESIS\DEBUG\EXTREME.OBJ
C:\Users\sleazy tek\Documents\Visual Studio 2010\Projects\SIFT-GPU-Thesis\SIFT-GPU-Thesis\Debug\GPUbuildOB.cu.cache
C:\Users\sleazy tek\Documents\Visual Studio 2010\Projects\SIFT-GPU-Thesis\SIFT-GPU-Thesis\Debug\GPUbuildOB.cu.obj
C:\Users\sleazy tek\Documents\Visual Studio 2010\Projects\SIFT-GPU-Thesis\SIFT-GPU-Thesis\Debug\GPUbuildSS.cu.cache
C:\Users\sleazy tek\Documents\Visual Studio 2010\Projects\SIFT-GPU-Thesis\SIFT-GPU-Thesis\Debug\GPUbuildSS.cu.obj
C:\Users\sleazy tek\Documents\Visual Studio 2010\Projects\SIFT-GPU-Thesis\SIFT-GPU-Thesis\Debug\GPUDoG.cu.cache
C:\Users\sleazy tek\Documents\Visual Studio 2010\Projects\SIFT-GPU-Thesis\SIFT-GPU-Thesis\Debug\GPUDoG.cu.obj
C:\Users\sleazy tek\Documents\Visual Studio 2010\Projects\SIFT-GPU-Thesis\SIFT-GPU-Thesis\Debug\GPUDummy.cu.cache
C:\Users\sleazy tek\Documents\Visual Studio 2010\Projects\SIFT-GPU-Thesis\SIFT-GPU-Thesis\Debug\GPUDummy.cu.obj
C:\Users\sleazy tek\Documents\Visual Studio 2010\Projects\SIFT-GPU-Thesis\SIFT-GPU-Thesis\Debug\GPUextreme.cu.cache
C:\Users\sleazy tek\Documents\Visual Studio 2010\Projects\SIFT-GPU-Thesis\SIFT-GPU-Thesis\Debug\GPUextreme.cu.obj
C:\Users\sleazy tek\Documents\Visual Studio 2010\Projects\SIFT-GPU-Thesis\SIFT-GPU-Thesis\Debug\GPUgrayscale.cu.cache
C:\Users\sleazy tek\Documents\Visual Studio 2010\Projects\SIFT-GPU-Thesis\SIFT-GPU-Thesis\Debug\GPUgrayscale.cu.obj
C:\USERS\SLEAZY TEK\DOCUMENTS\VISUAL STUDIO 2010\PROJECTS\SIFT-GPU-THESIS\SIFT-GPU-THESIS\DEBUG\GPUSIFT.OBJ
C:\Users\sleazy tek\Documents\Visual Studio 2010\Projects\SIFT-GPU-Thesis\SIFT-GPU-Thesis\Debug\GPUsift2.cu.cache
C:\Users\sleazy tek\Documents\Visual Studio 2010\Projects\SIFT-GPU-Thesis\SIFT-GPU-Thesis\Debug\GPUsift2.cu.obj
C:\USERS\SLEAZY TEK\DOCUMENTS\VISUAL STUDIO 2010\PROJECTS\SIFT-GPU-THESIS\SIFT-GPU-THESIS\DEBUG\GRAYSCALE.OBJ
C:\USERS\SLEAZY TEK\DOCUMENTS\VISUAL STUDIO 2010\PROJECTS\SIFT-GPU-THESIS\SIFT-GPU-THESIS\DEBUG\IMG_IO.OBJ
C:\USERS\SLEAZY TEK\DOCUMENTS\VISUAL STUDIO 2010\PROJECTS\SIFT-GPU-THESIS\SIFT-GPU-THESIS\DEBUG\IOOCV.OBJ
C:\USERS\SLEAZY TEK\DOCUMENTS\VISUAL STUDIO 2010\PROJECTS\SIFT-GPU-THESIS\SIFT-GPU-THESIS\DEBUG\KEYPOINT.OBJ
C:\Users\sleazy tek\Documents\Visual Studio 2010\Projects\SIFT-GPU-Thesis\SIFT-GPU-Thesis\Debug\link.10116.read.1.tlog
C:\Users\sleazy tek\Documents\Visual Studio 2010\Projects\SIFT-GPU-Thesis\SIFT-GPU-Thesis\Debug\link.10116.write.1.tlog
C:\Users\sleazy tek\Documents\Visual Studio 2010\Projects\SIFT-GPU-Thesis\SIFT-GPU-Thesis\Debug\link.10116-cvtres.read.1.tlog
C:\Users\sleazy tek\Documents\Visual Studio 2010\Projects\SIFT-GPU-Thesis\SIFT-GPU-Thesis\Debug\link.10116-cvtres.write.1.tlog
C:\Users\sleazy tek\Documents\Visual Studio 2010\Projects\SIFT-GPU-Thesis\SIFT-GPU-Thesis\Debug\link.10156.read.1.tlog
C:\Users\sleazy tek\Documents\Visual Studio 2010\Projects\SIFT-GPU-Thesis\SIFT-GPU-Thesis\Debug\link.10156.write.1.tlog
C:\Users\sleazy tek\Documents\Visual Studio 2010\Projects\SIFT-GPU-Thesis\SIFT-GPU-Thesis\Debug\link.10156-cvtres.read.1.tlog
C:\Users\sleazy tek\Documents\Visual Studio 2010\Projects\SIFT-GPU-Thesis\SIFT-GPU-Thesis\Debug\link.10156-cvtres.write.1.tlog
C:\Users\sleazy tek\Documents\Visual Studio 2010\Projects\SIFT-GPU-Thesis\SIFT-GPU-Thesis\Debug\link.10176.read.1.tlog
C:\Users\sleazy tek\Documents\Visual Studio 2010\Projects\SIFT-GPU-Thesis\SIFT-GPU-Thesis\Debug\link.10176.write.1.tlog
C:\Users\sleazy tek\Documents\Visual Studio 2010\Projects\SIFT-GPU-Thesis\SIFT-GPU-Thesis\Debug\link.10176-cvtres.read.1.tlog
C:\Users\sleazy tek\Documents\Visual Studio 2010\Projects\SIFT-GPU-Thesis\SIFT-GPU-Thesis\Debug\link.10176-cvtres.write.1.tlog
C:\Users\sleazy tek\Documents\Visual Studio 2010\Projects\SIFT-GPU-Thesis\SIFT-GPU-Thesis\Debug\link.10468.read.1.tlog
C:\Users\sleazy tek\Documents\Visual Studio 2010\Projects\SIFT-GPU-Thesis\SIFT-GPU-Thesis\Debug\link.10468.write.1.tlog
C:\Users\sleazy tek\Documents\Visual Studio 2010\Projects\SIFT-GPU-Thesis\SIFT-GPU-Thesis\Debug\link.10468-cvtres.read.1.tlog
C:\Users\sleazy tek\Documents\Visual Studio 2010\Projects\SIFT-GPU-Thesis\SIFT-GPU-Thesis\Debug\link.10468-cvtres.write.1.tlog
C:\Users\sleazy tek\Documents\Visual Studio 2010\Projects\SIFT-GPU-Thesis\SIFT-GPU-Thesis\Debug\link.10688.read.1.tlog
C:\Users\sleazy tek\Documents\Visual Studio 2010\Projects\SIFT-GPU-Thesis\SIFT-GPU-Thesis\Debug\link.10688.write.1.tlog
C:\Users\sleazy tek\Documents\Visual Studio 2010\Projects\SIFT-GPU-Thesis\SIFT-GPU-Thesis\Debug\link.10688-cvtres.read.1.tlog
C:\Users\sleazy tek\Documents\Visual Studio 2010\Projects\SIFT-GPU-Thesis\SIFT-GPU-Thesis\Debug\link.10688-cvtres.write.1.tlog
C:\Users\sleazy tek\Documents\Visual Studio 2010\Projects\SIFT-GPU-Thesis\SIFT-GPU-Thesis\Debug\link.1324.read.1.tlog
C:\Users\sleazy tek\Documents\Visual Studio 2010\Projects\SIFT-GPU-Thesis\SIFT-GPU-Thesis\Debug\link.1324.write.1.tlog
C:\Users\sleazy tek\Documents\Visual Studio 2010\Projects\SIFT-GPU-Thesis\SIFT-GPU-Thesis\Debug\link.1324-cvtres.read.1.tlog
C:\Users\sleazy tek\Documents\Visual Studio 2010\Projects\SIFT-GPU-Thesis\SIFT-GPU-Thesis\Debug\link.1324-cvtres.write.1.tlog
C:\Users\sleazy tek\Documents\Visual Studio 2010\Projects\SIFT-GPU-Thesis\SIFT-GPU-Thesis\Debug\link.224.read.1.tlog
C:\Users\sleazy tek\Documents\Visual Studio 2010\Projects\SIFT-GPU-Thesis\SIFT-GPU-Thesis\Debug\link.224.write.1.tlog
C:\Users\sleazy tek\Documents\Visual Studio 2010\Projects\SIFT-GPU-Thesis\SIFT-GPU-Thesis\Debug\link.224-cvtres.read.1.tlog
C:\Users\sleazy tek\Documents\Visual Studio 2010\Projects\SIFT-GPU-Thesis\SIFT-GPU-Thesis\Debug\link.224-cvtres.write.1.tlog
C:\Users\sleazy tek\Documents\Visual Studio 2010\Projects\SIFT-GPU-Thesis\SIFT-GPU-Thesis\Debug\link.2288.read.1.tlog
C:\Users\sleazy tek\Documents\Visual Studio 2010\Projects\SIFT-GPU-Thesis\SIFT-GPU-Thesis\Debug\link.2288.write.1.tlog
C:\Users\sleazy tek\Documents\Visual Studio 2010\Projects\SIFT-GPU-Thesis\SIFT-GPU-Thesis\Debug\link.2288-cvtres.read.1.tlog
C:\Users\sleazy tek\Documents\Visual Studio 2010\Projects\SIFT-GPU-Thesis\SIFT-GPU-Thesis\Debug\link.2288-cvtres.write.1.tlog
C:\Users\sleazy tek\Documents\Visual Studio 2010\Projects\SIFT-GPU-Thesis\SIFT-GPU-Thesis\Debug\link.2408.read.1.tlog
C:\Users\sleazy tek\Documents\Visual Studio 2010\Projects\SIFT-GPU-Thesis\SIFT-GPU-Thesis\Debug\link.2408.write.1.tlog
C:\Users\sleazy tek\Documents\Visual Studio 2010\Projects\SIFT-GPU-Thesis\SIFT-GPU-Thesis\Debug\link.2408-cvtres.read.1.tlog
C:\Users\sleazy tek\Documents\Visual Studio 2010\Projects\SIFT-GPU-Thesis\SIFT-GPU-Thesis\Debug\link.2408-cvtres.write.1.tlog
C:\Users\sleazy tek\Documents\Visual Studio 2010\Projects\SIFT-GPU-Thesis\SIFT-GPU-Thesis\Debug\link.2416.read.1.tlog
C:\Users\sleazy tek\Documents\Visual Studio 2010\Projects\SIFT-GPU-Thesis\SIFT-GPU-Thesis\Debug\link.2416.write.1.tlog
C:\Users\sleazy tek\Documents\Visual Studio 2010\Projects\SIFT-GPU-Thesis\SIFT-GPU-Thesis\Debug\link.2416-cvtres.read.1.tlog
C:\Users\sleazy tek\Documents\Visual Studio 2010\Projects\SIFT-GPU-Thesis\SIFT-GPU-Thesis\Debug\link.2416-cvtres.write.1.tlog
C:\Users\sleazy tek\Documents\Visual Studio 2010\Projects\SIFT-GPU-Thesis\SIFT-GPU-Thesis\Debug\link.3396.read.1.tlog
C:\Users\sleazy tek\Documents\Visual Studio 2010\Projects\SIFT-GPU-Thesis\SIFT-GPU-Thesis\Debug\link.3396.write.1.tlog
C:\Users\sleazy tek\Documents\Visual Studio 2010\Projects\SIFT-GPU-Thesis\SIFT-GPU-Thesis\Debug\link.3396-cvtres.read.1.tlog
C:\Users\sleazy tek\Documents\Visual Studio 2010\Projects\SIFT-GPU-Thesis\SIFT-GPU-Thesis\Debug\link.3396-cvtres.write.1.tlog
C:\Users\sleazy tek\Documents\Visual Studio 2010\Projects\SIFT-GPU-Thesis\SIFT-GPU-Thesis\Debug\link.4352.read.1.tlog
C:\Users\sleazy tek\Documents\Visual Studio 2010\Projects\SIFT-GPU-Thesis\SIFT-GPU-Thesis\Debug\link.4352.write.1.tlog
C:\Users\sleazy tek\Documents\Visual Studio 2010\Projects\SIFT-GPU-Thesis\SIFT-GPU-Thesis\Debug\link.4352-cvtres.read.1.tlog
C:\Users\sleazy tek\Documents\Visual Studio 2010\Projects\SIFT-GPU-Thesis\SIFT-GPU-Thesis\Debug\link.4352-cvtres.write.1.tlog
C:\Users\sleazy tek\Documents\Visual Studio 2010\Projects\SIFT-GPU-Thesis\SIFT-GPU-Thesis\Debug\link.5008.read.1.tlog
C:\Users\sleazy tek\Documents\Visual Studio 2010\Projects\SIFT-GPU-Thesis\SIFT-GPU-Thesis\Debug\link.5008.write.1.tlog
C:\Users\sleazy tek\Documents\Visual Studio 2010\Projects\SIFT-GPU-Thesis\SIFT-GPU-Thesis\Debug\link.5008-cvtres.read.1.tlog
C:\Users\sleazy tek\Documents\Visual Studio 2010\Projects\SIFT-GPU-Thesis\SIFT-GPU-Thesis\Debug\link.5008-cvtres.write.1.tlog
C:\Users\sleazy tek\Documents\Visual Studio 2010\Projects\SIFT-GPU-Thesis\SIFT-GPU-Thesis\Debug\link.5156.read.1.tlog
C:\Users\sleazy tek\Documents\Visual Studio 2010\Projects\SIFT-GPU-Thesis\SIFT-GPU-Thesis\Debug\link.5156.write.1.tlog
C:\Users\sleazy tek\Documents\Visual Studio 2010\Projects\SIFT-GPU-Thesis\SIFT-GPU-Thesis\Debug\link.5156-cvtres.read.1.tlog
C:\Users\sleazy tek\Documents\Visual Studio 2010\Projects\SIFT-GPU-Thesis\SIFT-GPU-Thesis\Debug\link.5156-cvtres.write.1.tlog
C:\Users\sleazy tek\Documents\Visual Studio 2010\Projects\SIFT-GPU-Thesis\SIFT-GPU-Thesis\Debug\link.5248.read.1.tlog
C:\Users\sleazy tek\Documents\Visual Studio 2010\Projects\SIFT-GPU-Thesis\SIFT-GPU-Thesis\Debug\link.5248.write.1.tlog
C:\Users\sleazy tek\Documents\Visual Studio 2010\Projects\SIFT-GPU-Thesis\SIFT-GPU-Thesis\Debug\link.5248-cvtres.read.1.tlog
C:\Users\sleazy tek\Documents\Visual Studio 2010\Projects\SIFT-GPU-Thesis\SIFT-GPU-Thesis\Debug\link.5248-cvtres.write.1.tlog
C:\Users\sleazy tek\Documents\Visual Studio 2010\Projects\SIFT-GPU-Thesis\SIFT-GPU-Thesis\Debug\link.6008.read.1.tlog
C:\Users\sleazy tek\Documents\Visual Studio 2010\Projects\SIFT-GPU-Thesis\SIFT-GPU-Thesis\Debug\link.6008.write.1.tlog
C:\Users\sleazy tek\Documents\Visual Studio 2010\Projects\SIFT-GPU-Thesis\SIFT-GPU-Thesis\Debug\link.6008-cvtres.read.1.tlog
C:\Users\sleazy tek\Documents\Visual Studio 2010\Projects\SIFT-GPU-Thesis\SIFT-GPU-Thesis\Debug\link.6008-cvtres.write.1.tlog
C:\Users\sleazy tek\Documents\Visual Studio 2010\Projects\SIFT-GPU-Thesis\SIFT-GPU-Thesis\Debug\link.6108.read.1.tlog
C:\Users\sleazy tek\Documents\Visual Studio 2010\Projects\SIFT-GPU-Thesis\SIFT-GPU-Thesis\Debug\link.6108.write.1.tlog
C:\Users\sleazy tek\Documents\Visual Studio 2010\Projects\SIFT-GPU-Thesis\SIFT-GPU-Thesis\Debug\link.6108-cvtres.read.1.tlog
C:\Users\sleazy tek\Documents\Visual Studio 2010\Projects\SIFT-GPU-Thesis\SIFT-GPU-Thesis\Debug\link.6108-cvtres.write.1.tlog
C:\Users\sleazy tek\Documents\Visual Studio 2010\Projects\SIFT-GPU-Thesis\SIFT-GPU-Thesis\Debug\link.6676.read.1.tlog
C:\Users\sleazy tek\Documents\Visual Studio 2010\Projects\SIFT-GPU-Thesis\SIFT-GPU-Thesis\Debug\link.6676.write.1.tlog
C:\Users\sleazy tek\Documents\Visual Studio 2010\Projects\SIFT-GPU-Thesis\SIFT-GPU-Thesis\Debug\link.6676-cvtres.read.1.tlog
C:\Users\sleazy tek\Documents\Visual Studio 2010\Projects\SIFT-GPU-Thesis\SIFT-GPU-Thesis\Debug\link.6676-cvtres.write.1.tlog
C:\Users\sleazy tek\Documents\Visual Studio 2010\Projects\SIFT-GPU-Thesis\SIFT-GPU-Thesis\Debug\link.7616.read.1.tlog
C:\Users\sleazy tek\Documents\Visual Studio 2010\Projects\SIFT-GPU-Thesis\SIFT-GPU-Thesis\Debug\link.7616.write.1.tlog
C:\Users\sleazy tek\Documents\Visual Studio 2010\Projects\SIFT-GPU-Thesis\SIFT-GPU-Thesis\Debug\link.7616-cvtres.read.1.tlog
C:\Users\sleazy tek\Documents\Visual Studio 2010\Projects\SIFT-GPU-Thesis\SIFT-GPU-Thesis\Debug\link.7616-cvtres.write.1.tlog
C:\Users\sleazy tek\Documents\Visual Studio 2010\Projects\SIFT-GPU-Thesis\SIFT-GPU-Thesis\Debug\link.7888.read.1.tlog
C:\Users\sleazy tek\Documents\Visual Studio 2010\Projects\SIFT-GPU-Thesis\SIFT-GPU-Thesis\Debug\link.7888.write.1.tlog
C:\Users\sleazy tek\Documents\Visual Studio 2010\Projects\SIFT-GPU-Thesis\SIFT-GPU-Thesis\Debug\link.7888-cvtres.read.1.tlog
C:\Users\sleazy tek\Documents\Visual Studio 2010\Projects\SIFT-GPU-Thesis\SIFT-GPU-Thesis\Debug\link.7888-cvtres.write.1.tlog
C:\Users\sleazy tek\Documents\Visual Studio 2010\Projects\SIFT-GPU-Thesis\SIFT-GPU-Thesis\Debug\link.8140.read.1.tlog
C:\Users\sleazy tek\Documents\Visual Studio 2010\Projects\SIFT-GPU-Thesis\SIFT-GPU-Thesis\Debug\link.8140.write.1.tlog
C:\Users\sleazy tek\Documents\Visual Studio 2010\Projects\SIFT-GPU-Thesis\SIFT-GPU-Thesis\Debug\link.8140-cvtres.read.1.tlog
C:\Users\sleazy tek\Documents\Visual Studio 2010\Projects\SIFT-GPU-Thesis\SIFT-GPU-Thesis\Debug\link.8140-cvtres.write.1.tlog
C:\Users\sleazy tek\Documents\Visual Studio 2010\Projects\SIFT-GPU-Thesis\SIFT-GPU-Thesis\Debug\link.8208.read.1.tlog
C:\Users\sleazy tek\Documents\Visual Studio 2010\Projects\SIFT-GPU-Thesis\SIFT-GPU-Thesis\Debug\link.8208.write.1.tlog
C:\Users\sleazy tek\Documents\Visual Studio 2010\Projects\SIFT-GPU-Thesis\SIFT-GPU-Thesis\Debug\link.8208-cvtres.read.1.tlog
C:\Users\sleazy tek\Documents\Visual Studio 2010\Projects\SIFT-GPU-Thesis\SIFT-GPU-Thesis\Debug\link.8208-cvtres.write.1.tlog
C:\Users\sleazy tek\Documents\Visual Studio 2010\Projects\SIFT-GPU-Thesis\SIFT-GPU-Thesis\Debug\link.8224.read.1.tlog
C:\Users\sleazy tek\Documents\Visual Studio 2010\Projects\SIFT-GPU-Thesis\SIFT-GPU-Thesis\Debug\link.8224.write.1.tlog
C:\Users\sleazy tek\Documents\Visual Studio 2010\Projects\SIFT-GPU-Thesis\SIFT-GPU-Thesis\Debug\link.8224-cvtres.read.1.tlog
C:\Users\sleazy tek\Documents\Visual Studio 2010\Projects\SIFT-GPU-Thesis\SIFT-GPU-Thesis\Debug\link.8224-cvtres.write.1.tlog
C:\Users\sleazy tek\Documents\Visual Studio 2010\Projects\SIFT-GPU-Thesis\SIFT-GPU-Thesis\Debug\link.9140.read.1.tlog
C:\Users\sleazy tek\Documents\Visual Studio 2010\Projects\SIFT-GPU-Thesis\SIFT-GPU-Thesis\Debug\link.9140.write.1.tlog
C:\Users\sleazy tek\Documents\Visual Studio 2010\Projects\SIFT-GPU-Thesis\SIFT-GPU-Thesis\Debug\link.9140-cvtres.read.1.tlog
C:\Users\sleazy tek\Documents\Visual Studio 2010\Projects\SIFT-GPU-Thesis\SIFT-GPU-Thesis\Debug\link.9140-cvtres.write.1.tlog
C:\Users\sleazy tek\Documents\Visual Studio 2010\Projects\SIFT-GPU-Thesis\SIFT-GPU-Thesis\Debug\link.9192.read.1.tlog
C:\Users\sleazy tek\Documents\Visual Studio 2010\Projects\SIFT-GPU-Thesis\SIFT-GPU-Thesis\Debug\link.9192.write.1.tlog
C:\Users\sleazy tek\Documents\Visual Studio 2010\Projects\SIFT-GPU-Thesis\SIFT-GPU-Thesis\Debug\link.9192-cvtres.read.1.tlog
C:\Users\sleazy tek\Documents\Visual Studio 2010\Projects\SIFT-GPU-Thesis\SIFT-GPU-Thesis\Debug\link.9192-cvtres.write.1.tlog
C:\Users\sleazy tek\Documents\Visual Studio 2010\Projects\SIFT-GPU-Thesis\SIFT-GPU-Thesis\Debug\link.9276.read.1.tlog
C:\Users\sleazy tek\Documents\Visual Studio 2010\Projects\SIFT-GPU-Thesis\SIFT-GPU-Thesis\Debug\link.9276.write.1.tlog
C:\Users\sleazy tek\Documents\Visual Studio 2010\Projects\SIFT-GPU-Thesis\SIFT-GPU-Thesis\Debug\link.9276-cvtres.read.1.tlog
C:\Users\sleazy tek\Documents\Visual Studio 2010\Projects\SIFT-GPU-Thesis\SIFT-GPU-Thesis\Debug\link.9276-cvtres.write.1.tlog
C:\Users\sleazy tek\Documents\Visual Studio 2010\Projects\SIFT-GPU-Thesis\SIFT-GPU-Thesis\Debug\link.9968.read.1.tlog
C:\Users\sleazy tek\Documents\Visual Studio 2010\Projects\SIFT-GPU-Thesis\SIFT-GPU-Thesis\Debug\link.9968.write.1.tlog
C:\Users\sleazy tek\Documents\Visual Studio 2010\Projects\SIFT-GPU-Thesis\SIFT-GPU-Thesis\Debug\link.9968-cvtres.read.1.tlog
C:\Users\sleazy tek\Documents\Visual Studio 2010\Projects\SIFT-GPU-Thesis\SIFT-GPU-Thesis\Debug\link.9968-cvtres.write.1.tlog
C:\Users\sleazy tek\Documents\Visual Studio 2010\Projects\SIFT-GPU-Thesis\SIFT-GPU-Thesis\Debug\link.command.1.tlog
C:\Users\sleazy tek\Documents\Visual Studio 2010\Projects\SIFT-GPU-Thesis\SIFT-GPU-Thesis\Debug\link.read.1.tlog
C:\Users\sleazy tek\Documents\Visual Studio 2010\Projects\SIFT-GPU-Thesis\SIFT-GPU-Thesis\Debug\link.write.1.tlog
C:\Users\sleazy tek\Documents\Visual Studio 2010\Projects\SIFT-GPU-Thesis\SIFT-GPU-Thesis\Debug\link-cvtres.read.1.tlog
C:\Users\sleazy tek\Documents\Visual Studio 2010\Projects\SIFT-GPU-Thesis\SIFT-GPU-Thesis\Debug\link-cvtres.write.1.tlog
C:\USERS\SLEAZY TEK\DOCUMENTS\VISUAL STUDIO 2010\PROJECTS\SIFT-GPU-THESIS\SIFT-GPU-THESIS\DEBUG\LOG2.OBJ
C:\USERS\SLEAZY TEK\DOCUMENTS\VISUAL STUDIO 2010\PROJECTS\SIFT-GPU-THESIS\SIFT-GPU-THESIS\DEBUG\MAIN.OBJ
C:\Users\sleazy tek\Documents\Visual Studio 2010\Projects\SIFT-GPU-Thesis\SIFT-GPU-Thesis\Debug\mt.command.1.tlog
C:\Users\sleazy tek\Documents\Visual Studio 2010\Projects\SIFT-GPU-Thesis\SIFT-GPU-Thesis\Debug\mt.read.1.tlog
C:\Users\sleazy tek\Documents\Visual Studio 2010\Projects\SIFT-GPU-Thesis\SIFT-GPU-Thesis\Debug\mt.write.1.tlog
C:\USERS\SLEAZY TEK\DOCUMENTS\VISUAL STUDIO 2010\PROJECTS\SIFT-GPU-THESIS\SIFT-GPU-THESIS\DEBUG\MYTIMER.OBJ
C:\USERS\SLEAZY TEK\DOCUMENTS\VISUAL STUDIO 2010\PROJECTS\SIFT-GPU-THESIS\SIFT-GPU-THESIS\DEBUG\ORI.OBJ
C:\Users\sleazy tek\Documents\Visual Studio 2010\Projects\SIFT-GPU-Thesis\SIFT-GPU-Thesis\Debug\rc.command.1.tlog
C:\Users\sleazy tek\Documents\Visual Studio 2010\Projects\SIFT-GPU-Thesis\SIFT-GPU-Thesis\Debug\rc.read.1.tlog
C:\Users\sleazy tek\Documents\Visual Studio 2010\Projects\SIFT-GPU-Thesis\SIFT-GPU-Thesis\Debug\rc.write.1.tlog
C:\USERS\SLEAZY TEK\DOCUMENTS\VISUAL STUDIO 2010\PROJECTS\SIFT-GPU-THESIS\SIFT-GPU-THESIS\DEBUG\RENDER.OBJ
C:\USERS\SLEAZY TEK\DOCUMENTS\VISUAL STUDIO 2010\PROJECTS\SIFT-GPU-THESIS\SIFT-GPU-THESIS\DEBUG\SIFT.OBJ
C:\USERS\SLEAZY TEK\DOCUMENTS\VISUAL STUDIO 2010\PROJECTS\SIFT-GPU-THESIS\SIFT-GPU-THESIS\DEBUG\SIFT-GPU-THESIS.EXE.EMBED.MANIFEST
C:\USERS\SLEAZY TEK\DOCUMENTS\VISUAL STUDIO 2010\PROJECTS\SIFT-GPU-THESIS\SIFT-GPU-THESIS\DEBUG\SIFT-GPU-THESIS.EXE.EMBED.MANIFEST.RES
C:\USERS\SLEAZY TEK\DOCUMENTS\VISUAL STUDIO 2010\PROJECTS\SIFT-GPU-THESIS\SIFT-GPU-THESIS\DEBUG\SIFT-GPU-THESIS.EXE.INTERMEDIATE.MANIFEST
C:\Users\sleazy tek\Documents\Visual Studio 2010\Projects\SIFT-GPU-Thesis\SIFT-GPU-Thesis\Debug\SIFT-GPU-Thesis.vcxprojResolveAssemblyReference.cache
C:\Users\sleazy tek\Documents\Visual Studio 2010\Projects\SIFT-GPU-Thesis\SIFT-GPU-Thesis\Debug\SIFT-GPU-Thesis.write.1.tlog
C:\Users\sleazy tek\Documents\Visual Studio 2010\Projects\SIFT-GPU-Thesis\SIFT-GPU-Thesis\Debug\SIFT-GPU-Thesis_manifest.rc
C:\USERS\SLEAZY TEK\DOCUMENTS\VISUAL STUDIO 2010\PROJECTS\SIFT-GPU-THESIS\SIFT-GPU-THESIS\DEBUG\TIMER.OBJ
C:\Users\sleazy tek\Documents\Visual Studio 2010\Projects\SIFT-GPU-Thesis\SIFT-GPU-Thesis\Debug\vc100.idb
C:\USERS\SLEAZY TEK\DOCUMENTS\VISUAL STUDIO 2010\PROJECTS\SIFT-GPU-THESIS\SIFT-GPU-THESIS\DEBUG\VC100.PDB
C:\USERS\SLEAZY TEK\DOCUMENTS\VISUAL STUDIO 2010\PROJECTS\SIFT-GPU-THESIS\SIFT-GPU-THESIS\DEBUG\WINFILES.OBJ
